[2025-06-10T01:24:18.586Z] datvt28 đã thêm ghi chú
[2025-06-10T01:30:20.372Z] datvt28 đã sửa ghi chú gVgT1ACWFYZ3dvR3Q1VqW
[2025-06-10T01:30:31.502Z] datvt28 đã thêm ghi chú
[2025-06-10T01:49:55.806Z] datvt28 đã xóa ghi chú gVgT1ACWFYZ3dvR3Q1VqW
[2025-06-10T01:50:27.960Z] datvt28 đã xóa ghi chú ssIQKCXspAhHDxfjEK87q
[2025-06-17T09:07:28.788Z] datvt28 thêm ghi chú
[2025-06-17T09:33:55.315Z] datvt28 xoá ghi chú 55QDB316IvckeSgKw35t8
[2025-06-20T09:12:19.181Z] Người dùng mới: dat123
[2025-06-20T09:14:15.798Z] datvt28 thêm ghi chú
[2025-06-20T09:14:29.652Z] datvt28 thêm ghi chú
[2025-06-20T09:14:42.273Z] datvt28 thêm ghi chú
[2025-06-20T09:14:54.110Z] datvt28 thêm ghi chú
[2025-06-20T09:15:19.122Z] datvt28 thêm ghi chú
[2025-06-20T09:15:20.857Z] datvt28 thêm ghi chú
[2025-06-20T09:15:31.439Z] datvt28 thêm ghi chú
[2025-06-20T09:15:37.945Z] datvt28 thêm ghi chú
[2025-06-20T09:15:43.348Z] datvt28 thêm ghi chú
[2025-06-20T09:15:46.315Z] datvt28 thêm ghi chú
[2025-06-20T09:16:12.161Z] datvt28 sửa ghi chú 4sUYOLXcVRUXJjjbxfmpu
[2025-06-20T09:17:11.268Z] datvt28 thêm ghi chú
[2025-06-25T08:24:41.436Z] Người dùng mới: admin
[2025-06-25T08:44:07.366Z] Admin reset mật khẩu cho datvt28
[2025-06-25T08:44:10.543Z] Admin reset mật khẩu cho dat123
[2025-06-25T08:47:22.122Z] datvt28 thêm ghi chú
[2025-06-25T08:47:31.997Z] datvt28 xoá ghi chú Zdztg2DCm7qSyxqoRAQMd
[2025-06-25T09:05:30.911Z] datvt28 thêm ghi chú
[2025-06-25T09:05:38.807Z] datvt28 sửa ghi chú UEdstL9eEPtRUIaIN9HXe
[2025-06-25T09:05:49.976Z] datvt28 thêm ghi chú
[2025-06-25T09:06:05.398Z] datvt28 thêm ghi chú
[2025-06-25T09:06:30.481Z] datvt28 sửa ghi chú UVXPaJKG5_YD_CPrBlSmP
[2025-06-25T14:56:12.308Z] Người dùng mới: admin
[2025-06-25T15:00:51.593Z] admin thêm ghi chú
[2025-06-25T15:01:03.466Z] Người dùng mới: datvt28
[2025-06-25T15:01:16.093Z] datvt28 thêm ghi chú
[2025-06-25T15:01:22.509Z] datvt28 thêm ghi chú
[2025-06-25T15:01:31.867Z] Người dùng mới: kicheng
[2025-06-25T15:01:46.526Z] kicheng thêm ghi chú
[2025-06-25T15:01:52.067Z] kicheng thêm ghi chú
[2025-06-25T15:01:57.191Z] kicheng thêm ghi chú
[2025-06-25T15:02:02.193Z] kicheng thêm ghi chú
[2025-06-25T15:02:23.438Z] admin thêm ghi chú
[2025-06-25T15:18:21.138Z] admin thêm ghi chú
[2025-06-25T15:19:01.244Z] datvt28 thêm ghi chú
